[2025-05-23 07:14:25,307] [INFO] [logger:55] - 百速一键AI视频生成应用正在启动... 时间: 2025-05-23 07:14:25
[2025-05-23 07:14:25,307] [INFO] [logger:55] - 正在初始化数据库...
[2025-05-23 07:14:28,133] [INFO] [logger:55] - 数据库初始化完成
[2025-05-23 07:14:28,133] [INFO] [logger:55] - 百速一键AI视频生成应用服务器已启动，监听端口: 5001
[2025-05-23 07:14:28,262] [INFO] [logger:55] - 百速一键AI视频生成应用正在启动... 时间: 2025-05-23 07:14:28
[2025-05-23 07:14:28,262] [INFO] [logger:55] - 正在初始化数据库...
[2025-05-23 07:14:28,933] [INFO] [logger:55] - 数据库初始化完成
[2025-05-23 07:14:28,933] [INFO] [logger:55] - 百速一键AI视频生成应用服务器已启动，监听端口: 5001
[2025-05-23 07:19:43,141] [INFO] [logger:55] - 百速一键AI视频生成应用正在启动... 时间: 2025-05-23 07:19:43
[2025-05-23 07:19:43,141] [INFO] [logger:55] - 正在初始化数据库...
[2025-05-23 07:19:43,966] [INFO] [logger:55] - 数据库初始化完成
[2025-05-23 07:19:43,966] [INFO] [logger:55] - 百速一键AI视频生成应用服务器已启动，监听端口: 5001
[2025-05-23 07:20:31,555] [INFO] [logger:55] - 用户 admin 访问我的视频页面，找到 1 个视频
[2025-05-23 07:21:08,451] [INFO] [logger:55] - 用户 admin 访问我的视频页面，找到 1 个视频
[2025-05-23 07:31:02,142] [INFO] [logger:55] - 百速一键AI视频生成应用正在启动... 时间: 2025-05-23 07:31:02
[2025-05-23 07:31:02,142] [INFO] [logger:55] - 正在初始化数据库...
[2025-05-23 07:31:03,031] [INFO] [logger:55] - 数据库初始化完成
[2025-05-23 07:31:03,031] [INFO] [logger:55] - 百速一键AI视频生成应用服务器已启动，监听端口: 5001
[2025-05-23 07:32:02,404] [INFO] [logger:55] - 百速一键AI视频生成应用正在启动... 时间: 2025-05-23 07:32:02
[2025-05-23 07:32:02,404] [INFO] [logger:55] - 正在初始化数据库...
[2025-05-23 07:32:03,252] [INFO] [logger:55] - 数据库初始化完成
[2025-05-23 07:32:03,252] [INFO] [logger:55] - 百速一键AI视频生成应用服务器已启动，监听端口: 5001
[2025-05-23 07:33:12,751] [INFO] [logger:55] - 百速一键AI视频生成应用正在启动... 时间: 2025-05-23 07:33:12
[2025-05-23 07:33:12,751] [INFO] [logger:55] - 正在初始化数据库...
[2025-05-23 07:33:13,704] [INFO] [logger:55] - 数据库初始化完成
[2025-05-23 07:33:13,704] [INFO] [logger:55] - 百速一键AI视频生成应用服务器已启动，监听端口: 5001
[2025-05-23 10:35:02,124] [INFO] [logger:55] - 百速一键AI视频生成应用正在启动... 时间: 2025-05-23 10:35:02
[2025-05-23 10:35:02,124] [INFO] [logger:55] - 正在初始化数据库...
[2025-05-23 10:35:02,981] [INFO] [logger:55] - 数据库初始化完成
[2025-05-23 10:35:02,982] [INFO] [logger:55] - 百速一键AI视频生成应用服务器已启动，监听端口: 5001
[2025-05-23 10:35:03,067] [INFO] [logger:55] - 百速一键AI视频生成应用正在启动... 时间: 2025-05-23 10:35:03
[2025-05-23 10:35:03,067] [INFO] [logger:55] - 正在初始化数据库...
[2025-05-23 10:35:03,548] [INFO] [logger:55] - 数据库初始化完成
[2025-05-23 10:35:03,548] [INFO] [logger:55] - 百速一键AI视频生成应用服务器已启动，监听端口: 5001
[2025-05-23 10:37:13,585] [INFO] [logger:55] - 用户 admin 访问我的视频页面，找到 2 个视频
[2025-05-23 10:37:22,628] [INFO] [logger:55] - 用户 admin 访问我的视频页面，找到 2 个视频
[2025-05-23 10:37:24,864] [INFO] [logger:55] - 用户 admin 访问我的视频页面，找到 2 个视频
[2025-05-23 10:41:53,280] [INFO] [logger:55] - 百速一键AI视频生成应用正在启动... 时间: 2025-05-23 10:41:53
[2025-05-23 10:41:53,280] [INFO] [logger:55] - 正在初始化数据库...
[2025-05-23 10:41:54,182] [INFO] [logger:55] - 数据库初始化完成
[2025-05-23 10:41:54,182] [INFO] [logger:55] - 百速一键AI视频生成应用服务器已启动，监听端口: 5001
[2025-05-23 10:45:12,025] [INFO] [logger:55] - 百速一键AI视频生成应用正在启动... 时间: 2025-05-23 10:45:12
[2025-05-23 10:45:12,025] [INFO] [logger:55] - 正在初始化数据库...
[2025-05-23 10:45:12,881] [INFO] [logger:55] - 数据库初始化完成
[2025-05-23 10:45:12,882] [INFO] [logger:55] - 百速一键AI视频生成应用服务器已启动，监听端口: 5001
[2025-05-23 10:45:12,955] [INFO] [logger:55] - 百速一键AI视频生成应用正在启动... 时间: 2025-05-23 10:45:12
[2025-05-23 10:45:12,955] [INFO] [logger:55] - 正在初始化数据库...
[2025-05-23 10:45:13,406] [INFO] [logger:55] - 数据库初始化完成
[2025-05-23 10:45:13,406] [INFO] [logger:55] - 百速一键AI视频生成应用服务器已启动，监听端口: 5001
[2025-05-23 10:47:13,423] [INFO] [logger:55] - 百速一键AI视频生成应用正在启动... 时间: 2025-05-23 10:47:13
[2025-05-23 10:47:13,423] [INFO] [logger:55] - 正在初始化数据库...
[2025-05-23 10:47:14,229] [INFO] [logger:55] - 数据库初始化完成
[2025-05-23 10:47:14,229] [INFO] [logger:55] - 百速一键AI视频生成应用服务器已启动，监听端口: 5001
[2025-05-23 10:47:51,441] [INFO] [logger:55] - 百速一键AI视频生成应用正在启动... 时间: 2025-05-23 10:47:51
[2025-05-23 10:47:51,441] [INFO] [logger:55] - 正在初始化数据库...
[2025-05-23 10:47:52,148] [INFO] [logger:55] - 数据库初始化完成
[2025-05-23 10:47:52,148] [INFO] [logger:55] - 百速一键AI视频生成应用服务器已启动，监听端口: 5001
[2025-05-23 10:58:06,747] [INFO] [logger:55] - 用户 admin 访问我的视频页面，找到 4 个视频
[2025-05-23 11:15:53,453] [ERROR] [logger:62] - 视频生成失败: Error code: 400, with error text {"contentFilter":[{"level":1,"role":"assistant"}],"error":{"code":"1301","message":"系统检测到输入或生成内容可能包含不安全或敏感内容，请您避免输入易产生敏感内容的提示语，感谢您的配合。"}}
[2025-05-23 11:26:38,960] [INFO] [logger:55] - 百速一键AI视频生成应用正在启动... 时间: 2025-05-23 11:26:38
[2025-05-23 11:26:38,960] [INFO] [logger:55] - 正在初始化数据库...
[2025-05-23 11:26:40,225] [INFO] [logger:55] - 数据库初始化完成
[2025-05-23 11:26:40,225] [INFO] [logger:55] - 百速一键AI视频生成应用服务器已启动，监听端口: 5001
[2025-05-23 11:26:40,307] [INFO] [logger:55] - 百速一键AI视频生成应用正在启动... 时间: 2025-05-23 11:26:40
[2025-05-23 11:26:40,307] [INFO] [logger:55] - 正在初始化数据库...
[2025-05-23 11:26:40,724] [INFO] [logger:55] - 数据库初始化完成
[2025-05-23 11:26:40,724] [INFO] [logger:55] - 百速一键AI视频生成应用服务器已启动，监听端口: 5001
[2025-05-23 11:27:38,798] [ERROR] [logger:62] - 视频生成失败: Error code: 400, with error text {"contentFilter":[{"level":1,"role":"assistant"}],"error":{"code":"1301","message":"系统检测到输入或生成内容可能包含不安全或敏感内容，请您避免输入易产生敏感内容的提示语，感谢您的配合。"}}
[2025-05-23 11:35:45,195] [INFO] [logger:55] - 百速一键AI视频生成应用正在启动... 时间: 2025-05-23 11:35:45
[2025-05-23 11:35:45,195] [INFO] [logger:55] - 正在初始化数据库...
[2025-05-23 11:35:45,999] [INFO] [logger:55] - 数据库初始化完成
[2025-05-23 11:35:45,999] [INFO] [logger:55] - 百速一键AI视频生成应用服务器已启动，监听端口: 5001
[2025-05-23 11:37:44,812] [INFO] [logger:55] - 百速一键AI视频生成应用正在启动... 时间: 2025-05-23 11:37:44
[2025-05-23 11:37:44,812] [INFO] [logger:55] - 正在初始化数据库...
[2025-05-23 11:37:45,549] [INFO] [logger:55] - 数据库初始化完成
[2025-05-23 11:37:45,549] [INFO] [logger:55] - 百速一键AI视频生成应用服务器已启动，监听端口: 5001
[2025-05-23 11:41:13,238] [INFO] [logger:55] - 百速一键AI视频生成应用正在启动... 时间: 2025-05-23 11:41:13
[2025-05-23 11:41:13,238] [INFO] [logger:55] - 正在初始化数据库...
[2025-05-23 11:41:14,135] [INFO] [logger:55] - 数据库初始化完成
[2025-05-23 11:41:14,135] [INFO] [logger:55] - 百速一键AI视频生成应用服务器已启动，监听端口: 5001
[2025-05-23 11:47:55,885] [INFO] [logger:55] - 百速一键AI视频生成应用正在启动... 时间: 2025-05-23 11:47:55
[2025-05-23 11:47:55,885] [INFO] [logger:55] - 正在初始化数据库...
[2025-05-23 11:47:56,740] [INFO] [logger:55] - 数据库初始化完成
[2025-05-23 11:47:56,741] [INFO] [logger:55] - 百速一键AI视频生成应用服务器已启动，监听端口: 5001
[2025-05-23 11:47:56,828] [INFO] [logger:55] - 百速一键AI视频生成应用正在启动... 时间: 2025-05-23 11:47:56
[2025-05-23 11:47:56,829] [INFO] [logger:55] - 正在初始化数据库...
[2025-05-23 11:47:57,286] [INFO] [logger:55] - 数据库初始化完成
[2025-05-23 11:47:57,286] [INFO] [logger:55] - 百速一键AI视频生成应用服务器已启动，监听端口: 5001
[2025-05-23 11:48:58,037] [INFO] [logger:55] - 百速一键AI视频生成应用正在启动... 时间: 2025-05-23 11:48:58
[2025-05-23 11:48:58,037] [INFO] [logger:55] - 正在初始化数据库...
[2025-05-23 11:48:58,824] [INFO] [logger:55] - 数据库初始化完成
[2025-05-23 11:48:58,824] [INFO] [logger:55] - 百速一键AI视频生成应用服务器已启动，监听端口: 5001
[2025-05-23 11:49:23,541] [ERROR] [logger:62] - 创建视频记录失败: (sqlite3.OperationalError) table video has no column named mode
[SQL: INSERT INTO video (title, user_id, style, prompt, video_path, cover_path, status, mode, created_at) VALUES (?, ?, ?, ?, ?, ?, ?, ?, ?)]
[parameters: ('视频_20250523114923', 1, '绘本', '白雪公主的故事\n很久很久以前，在一个遥远的王国里，有一位美丽的王后。她在冬天时生下了一个小女孩，女孩皮肤像雪一样白，嘴唇像血一样红，头发像乌木一样黑。因此，王后给她取名叫“白雪公主 ”。\n\n可惜的是，王后不久就去世了，国王后来娶了一位新王后。这位新王后非常美丽，但也非常虚荣。她有一面魔镜，每 ... (593 characters truncated) ... 下。就在这一刻，白雪公主奇迹般地醒了过来！\n\n原来，那只毒苹果的魔咒只有真爱之吻才能解除。\n\n王子向白雪公主求婚，她也爱上了王子，两人举行了盛大的婚礼。恶毒的王后也被揭穿了真面目，受到了应有的惩罚。\n\n从此以后，白雪公主和王子过上了幸福快乐的生活，而七个小矮人也继续过着勤劳善良的日子。', None, None, 'pending', 'script', '2025-05-23 03:49:23.522596')]
(Background on this error at: https://sqlalche.me/e/20/e3q8)
[2025-05-23 11:51:08,444] [INFO] [logger:55] - 百速一键AI视频生成应用正在启动... 时间: 2025-05-23 11:51:08
[2025-05-23 11:51:08,444] [INFO] [logger:55] - 正在初始化数据库...
[2025-05-23 11:51:09,258] [INFO] [logger:55] - 数据库初始化完成
[2025-05-23 11:51:09,258] [INFO] [logger:55] - 百速一键AI视频生成应用服务器已启动，监听端口: 5001
[2025-05-23 11:51:09,329] [INFO] [logger:55] - 百速一键AI视频生成应用正在启动... 时间: 2025-05-23 11:51:09
[2025-05-23 11:51:09,329] [INFO] [logger:55] - 正在初始化数据库...
[2025-05-23 11:51:09,759] [INFO] [logger:55] - 数据库初始化完成
[2025-05-23 11:51:09,759] [INFO] [logger:55] - 百速一键AI视频生成应用服务器已启动，监听端口: 5001
[2025-05-23 11:51:27,601] [ERROR] [logger:62] - 创建视频记录失败: (sqlite3.OperationalError) table video has no column named mode
[SQL: INSERT INTO video (title, user_id, style, prompt, video_path, cover_path, status, mode, created_at) VALUES (?, ?, ?, ?, ?, ?, ?, ?, ?)]
[parameters: ('视频_20250523115127', 1, '绘本', '白雪公主的故事\n很久很久以前，在一个遥远的王国里，有一位美丽的王后。她在冬天时生下了一个小女孩，女孩皮肤像雪一样白，嘴唇像血一样红，头发像乌木一样黑。因此，王后给她取名叫“白雪公主 ”。\n\n可惜的是，王后不久就去世了，国王后来娶了一位新王后。这位新王后非常美丽，但也非常虚荣。她有一面魔镜，每 ... (593 characters truncated) ... 下。就在这一刻，白雪公主奇迹般地醒了过来！\n\n原来，那只毒苹果的魔咒只有真爱之吻才能解除。\n\n王子向白雪公主求婚，她也爱上了王子，两人举行了盛大的婚礼。恶毒的王后也被揭穿了真面目，受到了应有的惩罚。\n\n从此以后，白雪公主和王子过上了幸福快乐的生活，而七个小矮人也继续过着勤劳善良的日子。', None, None, 'pending', 'script', '2025-05-23 03:51:27.581934')]
(Background on this error at: https://sqlalche.me/e/20/e3q8)
[2025-05-23 11:52:32,404] [INFO] [logger:55] - 百速一键AI视频生成应用正在启动... 时间: 2025-05-23 11:52:32
[2025-05-23 11:52:32,404] [INFO] [logger:55] - 正在初始化数据库...
[2025-05-23 11:52:33,299] [INFO] [logger:55] - 数据库初始化完成
[2025-05-23 11:52:33,299] [INFO] [logger:55] - 百速一键AI视频生成应用服务器已启动，监听端口: 5001
[2025-05-23 11:53:09,359] [INFO] [logger:55] - 百速一键AI视频生成应用正在启动... 时间: 2025-05-23 11:53:09
[2025-05-23 11:53:09,359] [INFO] [logger:55] - 正在初始化数据库...
[2025-05-23 11:53:10,205] [INFO] [logger:55] - 数据库初始化完成
[2025-05-23 11:53:10,205] [INFO] [logger:55] - 百速一键AI视频生成应用服务器已启动，监听端口: 5001
[2025-05-23 11:53:10,282] [INFO] [logger:55] - 百速一键AI视频生成应用正在启动... 时间: 2025-05-23 11:53:10
[2025-05-23 11:53:10,283] [INFO] [logger:55] - 正在初始化数据库...
[2025-05-23 11:53:10,712] [INFO] [logger:55] - 数据库初始化完成
[2025-05-23 11:53:10,713] [INFO] [logger:55] - 百速一键AI视频生成应用服务器已启动，监听端口: 5001
[2025-05-23 11:57:10,136] [INFO] [logger:55] - [任务 af21c6bb-e3f5-4647-a843-7a0def3d0b9d] 使用文案模式生成视频
[2025-05-23 11:57:10,139] [ERROR] [logger:62] - 视频生成失败: name 'run_work_flow_with_script' is not defined
[2025-05-23 11:59:29,920] [INFO] [logger:55] - 百速一键AI视频生成应用正在启动... 时间: 2025-05-23 11:59:29
[2025-05-23 11:59:29,920] [INFO] [logger:55] - 正在初始化数据库...
[2025-05-23 11:59:30,737] [INFO] [logger:55] - 数据库初始化完成
[2025-05-23 11:59:30,737] [INFO] [logger:55] - 百速一键AI视频生成应用服务器已启动，监听端口: 5001
[2025-05-23 11:59:47,041] [INFO] [logger:55] - [任务 f90963ec-eaa2-4c5a-8f33-dec5f593505d] 使用文案模式生成视频
[2025-05-23 12:00:37,029] [ERROR] [logger:62] - 视频生成失败: Error code: 400, with error text {"contentFilter":[{"level":1,"role":"assistant"}],"error":{"code":"1301","message":"系统检测到输入或生成内容可能包含不安全或敏感内容，请您避免输入易产生敏感内容的提示语，感谢您的配合。"}}
[2025-05-23 16:37:52,572] [INFO] [logger:55] - 百速一键AI视频生成应用正在启动... 时间: 2025-05-23 16:37:52
[2025-05-23 16:37:52,573] [INFO] [logger:55] - 正在初始化数据库...
[2025-05-23 16:37:55,020] [INFO] [logger:55] - 数据库初始化完成
[2025-05-23 16:37:55,020] [INFO] [logger:55] - 百速一键AI视频生成应用服务器已启动，监听端口: 5001
[2025-05-23 16:37:55,113] [INFO] [logger:55] - 百速一键AI视频生成应用正在启动... 时间: 2025-05-23 16:37:55
[2025-05-23 16:37:55,113] [INFO] [logger:55] - 正在初始化数据库...
[2025-05-23 16:37:55,547] [INFO] [logger:55] - 数据库初始化完成
[2025-05-23 16:37:55,547] [INFO] [logger:55] - 百速一键AI视频生成应用服务器已启动，监听端口: 5001
[2025-05-23 16:40:04,916] [INFO] [logger:55] - 用户 admin 访问我的视频页面，找到 2 个视频
[2025-05-23 16:40:29,056] [INFO] [logger:55] - [任务 5988e862-e4a4-4661-bd1e-99d68bdaa8b9] 使用文案模式生成视频
[2025-05-23 16:40:45,164] [ERROR] [logger:62] - 视频生成失败: Error code: 400, with error text {"error":{"code":"1210","message":"API 调用参数有误，请检查文档。"}}
[2025-05-23 16:57:17,479] [INFO] [logger:55] - [任务 b458b098-baf1-4ed3-9fd7-c945a69f2c19] 使用提示词模式生成视频
[2025-05-23 16:57:36,296] [ERROR] [logger:62] - 视频生成失败: Error code: 400, with error text {"error":{"code":"1210","message":"API 调用参数有误，请检查文档。"}}
[2025-05-23 16:57:51,871] [INFO] [logger:55] - [任务 362dbba5-0092-4a26-81bd-2f6558f0ad67] 使用提示词模式生成视频
[2025-05-23 16:58:25,408] [ERROR] [logger:62] - 视频生成失败: Error code: 400, with error text {"error":{"code":"1210","message":"API 调用参数有误，请检查文档。"}}
[2025-05-23 17:01:40,475] [INFO] [logger:55] - 百速一键AI视频生成应用正在启动... 时间: 2025-05-23 17:01:40
[2025-05-23 17:01:40,475] [INFO] [logger:55] - 正在初始化数据库...
[2025-05-23 17:01:41,321] [INFO] [logger:55] - 数据库初始化完成
[2025-05-23 17:01:41,321] [INFO] [logger:55] - 百速一键AI视频生成应用服务器已启动，监听端口: 5001
[2025-05-24 08:24:05,902] [INFO] [logger:55] - 百速一键AI视频生成应用正在启动... 时间: 2025-05-24 08:24:05
[2025-05-24 08:24:05,902] [INFO] [logger:55] - 正在初始化数据库...
[2025-05-24 08:24:14,324] [INFO] [logger:55] - 数据库初始化完成
[2025-05-24 08:24:14,324] [INFO] [logger:55] - 百速一键AI视频生成应用服务器已启动，监听端口: 5001
[2025-05-24 08:24:14,417] [INFO] [logger:55] - 百速一键AI视频生成应用正在启动... 时间: 2025-05-24 08:24:14
[2025-05-24 08:24:14,417] [INFO] [logger:55] - 正在初始化数据库...
[2025-05-24 08:24:22,308] [INFO] [logger:55] - 数据库初始化完成
[2025-05-24 08:24:22,308] [INFO] [logger:55] - 百速一键AI视频生成应用服务器已启动，监听端口: 5001
[2025-05-24 08:24:46,968] [INFO] [logger:55] - [任务 6eea87eb-4b2a-4331-bff4-941789df5fa6] 使用提示词模式生成视频
[2025-05-24 08:36:14,168] [INFO] [logger:55] - 百速一键AI视频生成应用正在启动... 时间: 2025-05-24 08:36:14
[2025-05-24 08:36:14,169] [INFO] [logger:55] - 正在初始化数据库...
[2025-05-24 08:36:22,825] [INFO] [logger:55] - 数据库初始化完成
[2025-05-24 08:36:22,825] [INFO] [logger:55] - 百速一键AI视频生成应用服务器已启动，监听端口: 5001
[2025-05-24 08:44:51,560] [INFO] [logger:55] - [任务 da1a8f78-dff5-4825-a813-4fa1a44c0906] 使用文案模式生成视频
[2025-05-26 10:44:27,545] [INFO] [logger:55] - 百速一键AI视频生成应用正在启动... 时间: 2025-05-26 10:44:27
[2025-05-26 10:44:27,545] [INFO] [logger:55] - 正在初始化数据库...
[2025-05-26 10:44:29,691] [ERROR] [logger:62] - 应用启动失败: No module named 'alipay.aop'
[2025-05-26 10:46:34,893] [INFO] [logger:55] - 百速一键AI视频生成应用正在启动... 时间: 2025-05-26 10:46:34
[2025-05-26 10:46:34,893] [INFO] [logger:55] - 正在初始化数据库...
[2025-05-26 10:46:35,461] [ERROR] [logger:62] - 应用启动失败: No module named 'alipay.aop'
[2025-05-26 10:55:15,182] [INFO] [logger:55] - 百速一键AI视频生成应用正在启动... 时间: 2025-05-26 10:55:15
[2025-05-26 10:55:15,182] [INFO] [logger:55] - 正在初始化数据库...
[2025-05-26 10:55:16,073] [ERROR] [logger:62] - 应用启动失败: cannot import name 'AliPay' from 'alipay' (/Users/zhusisi/CascadeProjects/VideoMaker/.venv/lib/python3.13/site-packages/alipay/__init__.py)
[2025-05-26 10:59:21,595] [INFO] [logger:55] - 百速一键AI视频生成应用正在启动... 时间: 2025-05-26 10:59:21
[2025-05-26 10:59:21,595] [INFO] [logger:55] - 正在初始化数据库...
[2025-05-26 10:59:22,275] [ERROR] [logger:62] - 应用启动失败: cannot import name 'AliPay' from 'alipay' (unknown location)
